<?xml version="1.0" encoding="UTF-8"?>
<coverage generated="1713049762265" clover="3.2.0">
  <project timestamp="1713049762265" name="All files">
    <metrics statements="44" coveredstatements="43" conditionals="13" coveredconditionals="12" methods="12" coveredmethods="12" elements="69" coveredelements="67" complexity="0" loc="44" ncloc="44" packages="7" files="11" classes="11"/>
    <package name="src.app.exceptions">
      <metrics statements="4" coveredstatements="4" conditionals="0" coveredconditionals="0" methods="2" coveredmethods="2"/>
      <file name="user-cant-create.ts" path="C:\Users\Facundo\Documents\Facundo\Dev\PersonalProjects\nodejs-hexagonal-backend-template\src\app\exceptions\user-cant-create.ts">
        <metrics statements="2" coveredstatements="2" conditionals="0" coveredconditionals="0" methods="1" coveredmethods="1"/>
        <line num="1" count="1" type="stmt"/>
        <line num="3" count="2" type="stmt"/>
      </file>
      <file name="user-not-found.ts" path="C:\Users\Facundo\Documents\Facundo\Dev\PersonalProjects\nodejs-hexagonal-backend-template\src\app\exceptions\user-not-found.ts">
        <metrics statements="2" coveredstatements="2" conditionals="0" coveredconditionals="0" methods="1" coveredmethods="1"/>
        <line num="1" count="1" type="stmt"/>
        <line num="3" count="2" type="stmt"/>
      </file>
    </package>
    <package name="src.app.use-cases.create-user">
      <metrics statements="9" coveredstatements="9" conditionals="1" coveredconditionals="1" methods="3" coveredmethods="3"/>
      <file name="create-user-input.ts" path="C:\Users\Facundo\Documents\Facundo\Dev\PersonalProjects\nodejs-hexagonal-backend-template\src\app\use-cases\create-user\create-user-input.ts">
        <metrics statements="2" coveredstatements="2" conditionals="0" coveredconditionals="0" methods="1" coveredmethods="1"/>
        <line num="1" count="1" type="stmt"/>
        <line num="2" count="2" type="stmt"/>
      </file>
      <file name="create-user.ts" path="C:\Users\Facundo\Documents\Facundo\Dev\PersonalProjects\nodejs-hexagonal-backend-template\src\app\use-cases\create-user\create-user.ts">
        <metrics statements="7" coveredstatements="7" conditionals="1" coveredconditionals="1" methods="2" coveredmethods="2"/>
        <line num="1" count="1" type="stmt"/>
        <line num="7" count="1" type="stmt"/>
        <line num="10" count="1" type="stmt"/>
        <line num="13" count="2" type="stmt"/>
        <line num="14" count="2" type="cond" truecount="1" falsecount="0"/>
        <line num="15" count="1" type="stmt"/>
        <line num="17" count="1" type="stmt"/>
      </file>
    </package>
    <package name="src.app.use-cases.get-user">
      <metrics statements="9" coveredstatements="9" conditionals="1" coveredconditionals="1" methods="3" coveredmethods="3"/>
      <file name="get-user-input.ts" path="C:\Users\Facundo\Documents\Facundo\Dev\PersonalProjects\nodejs-hexagonal-backend-template\src\app\use-cases\get-user\get-user-input.ts">
        <metrics statements="2" coveredstatements="2" conditionals="0" coveredconditionals="0" methods="1" coveredmethods="1"/>
        <line num="1" count="1" type="stmt"/>
        <line num="2" count="2" type="stmt"/>
      </file>
      <file name="get-user.ts" path="C:\Users\Facundo\Documents\Facundo\Dev\PersonalProjects\nodejs-hexagonal-backend-template\src\app\use-cases\get-user\get-user.ts">
        <metrics statements="7" coveredstatements="7" conditionals="1" coveredconditionals="1" methods="2" coveredmethods="2"/>
        <line num="1" count="1" type="stmt"/>
        <line num="7" count="1" type="stmt"/>
        <line num="8" count="1" type="stmt"/>
        <line num="11" count="2" type="stmt"/>
        <line num="12" count="2" type="cond" truecount="1" falsecount="0"/>
        <line num="13" count="1" type="stmt"/>
        <line num="15" count="1" type="stmt"/>
      </file>
    </package>
    <package name="src.domain">
      <metrics statements="6" coveredstatements="5" conditionals="2" coveredconditionals="1" methods="1" coveredmethods="1"/>
      <file name="user.ts" path="C:\Users\Facundo\Documents\Facundo\Dev\PersonalProjects\nodejs-hexagonal-backend-template\src\domain\user.ts">
        <metrics statements="6" coveredstatements="5" conditionals="2" coveredconditionals="1" methods="1" coveredmethods="1"/>
        <line num="1" count="2" type="stmt"/>
        <line num="3" count="2" type="stmt"/>
        <line num="5" count="4" type="stmt"/>
        <line num="6" count="4" type="cond" truecount="1" falsecount="1"/>
        <line num="7" count="0" type="stmt"/>
        <line num="9" count="4" type="stmt"/>
      </file>
    </package>
    <package name="test.app.use-cases.create-user">
      <metrics statements="4" coveredstatements="4" conditionals="3" coveredconditionals="3" methods="1" coveredmethods="1"/>
      <file name="create-user-input.ts" path="C:\Users\Facundo\Documents\Facundo\Dev\PersonalProjects\nodejs-hexagonal-backend-template\test\app\use-cases\create-user\create-user-input.ts">
        <metrics statements="4" coveredstatements="4" conditionals="3" coveredconditionals="3" methods="1" coveredmethods="1"/>
        <line num="1" count="1" type="stmt"/>
        <line num="2" count="1" type="stmt"/>
        <line num="4" count="1" type="stmt"/>
        <line num="12" count="2" type="stmt"/>
      </file>
    </package>
    <package name="test.app.use-cases.get-user">
      <metrics statements="4" coveredstatements="4" conditionals="2" coveredconditionals="2" methods="1" coveredmethods="1"/>
      <file name="get-user-input-mother.ts" path="C:\Users\Facundo\Documents\Facundo\Dev\PersonalProjects\nodejs-hexagonal-backend-template\test\app\use-cases\get-user\get-user-input-mother.ts">
        <metrics statements="4" coveredstatements="4" conditionals="2" coveredconditionals="2" methods="1" coveredmethods="1"/>
        <line num="1" count="1" type="stmt"/>
        <line num="2" count="1" type="stmt"/>
        <line num="4" count="1" type="stmt"/>
        <line num="10" count="2" type="stmt"/>
      </file>
    </package>
    <package name="test.mothers">
      <metrics statements="8" coveredstatements="8" conditionals="4" coveredconditionals="4" methods="1" coveredmethods="1"/>
      <file name="constants.ts" path="C:\Users\Facundo\Documents\Facundo\Dev\PersonalProjects\nodejs-hexagonal-backend-template\test\mothers\constants.ts">
        <metrics statements="4" coveredstatements="4" conditionals="0" coveredconditionals="0" methods="0" coveredmethods="0"/>
        <line num="1" count="2" type="stmt"/>
        <line num="2" count="2" type="stmt"/>
        <line num="3" count="2" type="stmt"/>
        <line num="4" count="2" type="stmt"/>
      </file>
      <file name="user.ts" path="C:\Users\Facundo\Documents\Facundo\Dev\PersonalProjects\nodejs-hexagonal-backend-template\test\mothers\user.ts">
        <metrics statements="4" coveredstatements="4" conditionals="4" coveredconditionals="4" methods="1" coveredmethods="1"/>
        <line num="1" count="2" type="stmt"/>
        <line num="2" count="2" type="stmt"/>
        <line num="4" count="2" type="stmt"/>
        <line num="14" count="4" type="stmt"/>
      </file>
    </package>
  </project>
</coverage>
