<?xml version="1.0" encoding="UTF-8"?>
<coverage generated="1713051614946" clover="3.2.0">
  <project timestamp="1713051614946" name="All files">
    <metrics statements="123" coveredstatements="120" conditionals="17" coveredconditionals="16" methods="23" coveredmethods="23" elements="163" coveredelements="159" complexity="0" loc="123" ncloc="123" packages="12" files="19" classes="19"/>
    <package name="src">
      <metrics statements="25" coveredstatements="25" conditionals="0" coveredconditionals="0" methods="2" coveredmethods="2"/>
      <file name="bootstrap.ts" path="C:\Users\Facundo\Documents\Facundo\Dev\PersonalProjects\nodejs-hexagonal-backend-template\src\bootstrap.ts">
        <metrics statements="12" coveredstatements="12" conditionals="0" coveredconditionals="0" methods="1" coveredmethods="1"/>
        <line num="1" count="2" type="stmt"/>
        <line num="2" count="2" type="stmt"/>
        <line num="3" count="2" type="stmt"/>
        <line num="4" count="2" type="stmt"/>
        <line num="6" count="2" type="stmt"/>
        <line num="7" count="2" type="stmt"/>
        <line num="9" count="2" type="stmt"/>
        <line num="12" count="2" type="stmt"/>
        <line num="13" count="2" type="stmt"/>
        <line num="14" count="2" type="stmt"/>
        <line num="17" count="2" type="stmt"/>
        <line num="19" count="2" type="stmt"/>
      </file>
      <file name="router.ts" path="C:\Users\Facundo\Documents\Facundo\Dev\PersonalProjects\nodejs-hexagonal-backend-template\src\router.ts">
        <metrics statements="13" coveredstatements="13" conditionals="0" coveredconditionals="0" methods="1" coveredmethods="1"/>
        <line num="1" count="2" type="stmt"/>
        <line num="2" count="2" type="stmt"/>
        <line num="3" count="2" type="stmt"/>
        <line num="4" count="2" type="stmt"/>
        <line num="5" count="2" type="stmt"/>
        <line num="6" count="2" type="stmt"/>
        <line num="9" count="2" type="stmt"/>
        <line num="11" count="2" type="stmt"/>
        <line num="14" count="2" type="stmt"/>
        <line num="15" count="2" type="stmt"/>
        <line num="18" count="2" type="stmt"/>
        <line num="19" count="2" type="stmt"/>
        <line num="21" count="2" type="stmt"/>
      </file>
    </package>
    <package name="src.app.exceptions">
      <metrics statements="4" coveredstatements="4" conditionals="0" coveredconditionals="0" methods="2" coveredmethods="2"/>
      <file name="user-cant-create.ts" path="C:\Users\Facundo\Documents\Facundo\Dev\PersonalProjects\nodejs-hexagonal-backend-template\src\app\exceptions\user-cant-create.ts">
        <metrics statements="2" coveredstatements="2" conditionals="0" coveredconditionals="0" methods="1" coveredmethods="1"/>
        <line num="1" count="3" type="stmt"/>
        <line num="3" count="3" type="stmt"/>
      </file>
      <file name="user-not-found.ts" path="C:\Users\Facundo\Documents\Facundo\Dev\PersonalProjects\nodejs-hexagonal-backend-template\src\app\exceptions\user-not-found.ts">
        <metrics statements="2" coveredstatements="2" conditionals="0" coveredconditionals="0" methods="1" coveredmethods="1"/>
        <line num="1" count="3" type="stmt"/>
        <line num="3" count="3" type="stmt"/>
      </file>
    </package>
    <package name="src.app.schemas">
      <metrics statements="4" coveredstatements="4" conditionals="0" coveredconditionals="0" methods="0" coveredmethods="0"/>
      <file name="create-user.ts" path="C:\Users\Facundo\Documents\Facundo\Dev\PersonalProjects\nodejs-hexagonal-backend-template\src\app\schemas\create-user.ts">
        <metrics statements="2" coveredstatements="2" conditionals="0" coveredconditionals="0" methods="0" coveredmethods="0"/>
        <line num="1" count="2" type="stmt"/>
        <line num="3" count="2" type="stmt"/>
      </file>
      <file name="get-user.ts" path="C:\Users\Facundo\Documents\Facundo\Dev\PersonalProjects\nodejs-hexagonal-backend-template\src\app\schemas\get-user.ts">
        <metrics statements="2" coveredstatements="2" conditionals="0" coveredconditionals="0" methods="0" coveredmethods="0"/>
        <line num="1" count="2" type="stmt"/>
        <line num="3" count="2" type="stmt"/>
      </file>
    </package>
    <package name="src.app.use-cases.create-user">
      <metrics statements="9" coveredstatements="9" conditionals="1" coveredconditionals="1" methods="3" coveredmethods="3"/>
      <file name="create-user-input.ts" path="C:\Users\Facundo\Documents\Facundo\Dev\PersonalProjects\nodejs-hexagonal-backend-template\src\app\use-cases\create-user\create-user-input.ts">
        <metrics statements="2" coveredstatements="2" conditionals="0" coveredconditionals="0" methods="1" coveredmethods="1"/>
        <line num="1" count="3" type="stmt"/>
        <line num="2" count="6" type="stmt"/>
      </file>
      <file name="create-user.ts" path="C:\Users\Facundo\Documents\Facundo\Dev\PersonalProjects\nodejs-hexagonal-backend-template\src\app\use-cases\create-user\create-user.ts">
        <metrics statements="7" coveredstatements="7" conditionals="1" coveredconditionals="1" methods="2" coveredmethods="2"/>
        <line num="1" count="3" type="stmt"/>
        <line num="7" count="3" type="stmt"/>
        <line num="10" count="3" type="stmt"/>
        <line num="13" count="4" type="stmt"/>
        <line num="14" count="4" type="cond" truecount="1" falsecount="0"/>
        <line num="15" count="2" type="stmt"/>
        <line num="17" count="2" type="stmt"/>
      </file>
    </package>
    <package name="src.app.use-cases.get-user">
      <metrics statements="9" coveredstatements="9" conditionals="1" coveredconditionals="1" methods="3" coveredmethods="3"/>
      <file name="get-user-input.ts" path="C:\Users\Facundo\Documents\Facundo\Dev\PersonalProjects\nodejs-hexagonal-backend-template\src\app\use-cases\get-user\get-user-input.ts">
        <metrics statements="2" coveredstatements="2" conditionals="0" coveredconditionals="0" methods="1" coveredmethods="1"/>
        <line num="1" count="3" type="stmt"/>
        <line num="2" count="4" type="stmt"/>
      </file>
      <file name="get-user.ts" path="C:\Users\Facundo\Documents\Facundo\Dev\PersonalProjects\nodejs-hexagonal-backend-template\src\app\use-cases\get-user\get-user.ts">
        <metrics statements="7" coveredstatements="7" conditionals="1" coveredconditionals="1" methods="2" coveredmethods="2"/>
        <line num="1" count="3" type="stmt"/>
        <line num="7" count="3" type="stmt"/>
        <line num="8" count="3" type="stmt"/>
        <line num="11" count="4" type="stmt"/>
        <line num="12" count="4" type="cond" truecount="1" falsecount="0"/>
        <line num="13" count="2" type="stmt"/>
        <line num="15" count="2" type="stmt"/>
      </file>
    </package>
    <package name="src.domain">
      <metrics statements="6" coveredstatements="5" conditionals="2" coveredconditionals="1" methods="1" coveredmethods="1"/>
      <file name="user.ts" path="C:\Users\Facundo\Documents\Facundo\Dev\PersonalProjects\nodejs-hexagonal-backend-template\src\domain\user.ts">
        <metrics statements="6" coveredstatements="5" conditionals="2" coveredconditionals="1" methods="1" coveredmethods="1"/>
        <line num="1" count="4" type="stmt"/>
        <line num="3" count="4" type="stmt"/>
        <line num="5" count="6" type="stmt"/>
        <line num="6" count="6" type="cond" truecount="1" falsecount="1"/>
        <line num="7" count="0" type="stmt"/>
        <line num="9" count="6" type="stmt"/>
      </file>
    </package>
    <package name="src.infrastructure.controllers">
      <metrics statements="30" coveredstatements="28" conditionals="2" coveredconditionals="2" methods="4" coveredmethods="4"/>
      <file name="create-user.ts" path="C:\Users\Facundo\Documents\Facundo\Dev\PersonalProjects\nodejs-hexagonal-backend-template\src\infrastructure\controllers\create-user.ts">
        <metrics statements="15" coveredstatements="14" conditionals="1" coveredconditionals="1" methods="2" coveredmethods="2"/>
        <line num="1" count="2" type="stmt"/>
        <line num="3" count="2" type="stmt"/>
        <line num="5" count="2" type="stmt"/>
        <line num="7" count="2" type="stmt"/>
        <line num="9" count="2" type="stmt"/>
        <line num="10" count="2" type="stmt"/>
        <line num="16" count="2" type="stmt"/>
        <line num="17" count="2" type="stmt"/>
        <line num="18" count="2" type="stmt"/>
        <line num="19" count="2" type="stmt"/>
        <line num="20" count="1" type="stmt"/>
        <line num="22" count="1" type="cond" truecount="1" falsecount="0"/>
        <line num="23" count="1" type="stmt"/>
        <line num="26" count="1" type="stmt"/>
        <line num="28" count="0" type="stmt"/>
      </file>
      <file name="get-user.ts" path="C:\Users\Facundo\Documents\Facundo\Dev\PersonalProjects\nodejs-hexagonal-backend-template\src\infrastructure\controllers\get-user.ts">
        <metrics statements="15" coveredstatements="14" conditionals="1" coveredconditionals="1" methods="2" coveredmethods="2"/>
        <line num="1" count="2" type="stmt"/>
        <line num="3" count="2" type="stmt"/>
        <line num="5" count="2" type="stmt"/>
        <line num="7" count="2" type="stmt"/>
        <line num="9" count="2" type="stmt"/>
        <line num="10" count="2" type="stmt"/>
        <line num="17" count="2" type="stmt"/>
        <line num="18" count="2" type="stmt"/>
        <line num="19" count="2" type="stmt"/>
        <line num="20" count="2" type="stmt"/>
        <line num="21" count="1" type="stmt"/>
        <line num="23" count="1" type="cond" truecount="1" falsecount="0"/>
        <line num="24" count="1" type="stmt"/>
        <line num="25" count="1" type="stmt"/>
        <line num="27" count="0" type="stmt"/>
      </file>
    </package>
    <package name="src.infrastructure.repositories">
      <metrics statements="11" coveredstatements="11" conditionals="2" coveredconditionals="2" methods="2" coveredmethods="2"/>
      <file name="user-local-repository.ts" path="C:\Users\Facundo\Documents\Facundo\Dev\PersonalProjects\nodejs-hexagonal-backend-template\src\infrastructure\repositories\user-local-repository.ts">
        <metrics statements="11" coveredstatements="11" conditionals="2" coveredconditionals="2" methods="2" coveredmethods="2"/>
        <line num="2" count="2" type="stmt"/>
        <line num="4" count="2" type="stmt"/>
        <line num="5" count="2" type="stmt"/>
        <line num="6" count="2" type="stmt"/>
        <line num="7" count="2" type="stmt"/>
        <line num="10" count="2" type="cond" truecount="1" falsecount="0"/>
        <line num="11" count="1" type="stmt"/>
        <line num="17" count="1" type="stmt"/>
        <line num="21" count="2" type="cond" truecount="1" falsecount="0"/>
        <line num="22" count="1" type="stmt"/>
        <line num="24" count="1" type="stmt"/>
      </file>
    </package>
    <package name="src.infrastructure.routes">
      <metrics statements="9" coveredstatements="9" conditionals="0" coveredconditionals="0" methods="3" coveredmethods="3"/>
      <file name="user.ts" path="C:\Users\Facundo\Documents\Facundo\Dev\PersonalProjects\nodejs-hexagonal-backend-template\src\infrastructure\routes\user.ts">
        <metrics statements="9" coveredstatements="9" conditionals="0" coveredconditionals="0" methods="3" coveredmethods="3"/>
        <line num="2" count="2" type="stmt"/>
        <line num="4" count="2" type="stmt"/>
        <line num="5" count="2" type="stmt"/>
        <line num="8" count="2" type="stmt"/>
        <line num="9" count="2" type="stmt"/>
        <line num="11" count="2" type="stmt"/>
        <line num="12" count="2" type="stmt"/>
        <line num="15" count="2" type="stmt"/>
        <line num="16" count="2" type="stmt"/>
      </file>
    </package>
    <package name="test.app.use-cases.create-user">
      <metrics statements="4" coveredstatements="4" conditionals="3" coveredconditionals="3" methods="1" coveredmethods="1"/>
      <file name="create-user-input.ts" path="C:\Users\Facundo\Documents\Facundo\Dev\PersonalProjects\nodejs-hexagonal-backend-template\test\app\use-cases\create-user\create-user-input.ts">
        <metrics statements="4" coveredstatements="4" conditionals="3" coveredconditionals="3" methods="1" coveredmethods="1"/>
        <line num="1" count="2" type="stmt"/>
        <line num="2" count="2" type="stmt"/>
        <line num="4" count="2" type="stmt"/>
        <line num="12" count="3" type="stmt"/>
      </file>
    </package>
    <package name="test.app.use-cases.get-user">
      <metrics statements="4" coveredstatements="4" conditionals="2" coveredconditionals="2" methods="1" coveredmethods="1"/>
      <file name="get-user-input-mother.ts" path="C:\Users\Facundo\Documents\Facundo\Dev\PersonalProjects\nodejs-hexagonal-backend-template\test\app\use-cases\get-user\get-user-input-mother.ts">
        <metrics statements="4" coveredstatements="4" conditionals="2" coveredconditionals="2" methods="1" coveredmethods="1"/>
        <line num="1" count="1" type="stmt"/>
        <line num="2" count="1" type="stmt"/>
        <line num="4" count="1" type="stmt"/>
        <line num="10" count="2" type="stmt"/>
      </file>
    </package>
    <package name="test.mothers">
      <metrics statements="8" coveredstatements="8" conditionals="4" coveredconditionals="4" methods="1" coveredmethods="1"/>
      <file name="constants.ts" path="C:\Users\Facundo\Documents\Facundo\Dev\PersonalProjects\nodejs-hexagonal-backend-template\test\mothers\constants.ts">
        <metrics statements="4" coveredstatements="4" conditionals="0" coveredconditionals="0" methods="0" coveredmethods="0"/>
        <line num="1" count="3" type="stmt"/>
        <line num="2" count="3" type="stmt"/>
        <line num="3" count="3" type="stmt"/>
        <line num="4" count="3" type="stmt"/>
      </file>
      <file name="user.ts" path="C:\Users\Facundo\Documents\Facundo\Dev\PersonalProjects\nodejs-hexagonal-backend-template\test\mothers\user.ts">
        <metrics statements="4" coveredstatements="4" conditionals="4" coveredconditionals="4" methods="1" coveredmethods="1"/>
        <line num="1" count="2" type="stmt"/>
        <line num="2" count="2" type="stmt"/>
        <line num="4" count="2" type="stmt"/>
        <line num="14" count="4" type="stmt"/>
      </file>
    </package>
  </project>
</coverage>
