{"C:\\Users\\Facundo\\Documents\\Facundo\\Dev\\PersonalProjects\\nodejs-hexagonal-backend-template\\src\\app\\exceptions\\user-cant-create.ts": {"path":"C:\\Users\\Facundo\\Documents\\Facundo\\Dev\\PersonalProjects\\nodejs-hexagonal-backend-template\\src\\app\\exceptions\\user-cant-create.ts","statementMap":{"0":{"start":{"line":3,"column":4},"end":{"line":3,"column":37}},"1":{"start":{"line":1,"column":0},"end":{"line":1,"column":13}}},"fnMap":{"0":{"name":"(anonymous_0)","decl":{"start":{"line":2,"column":2},"end":{"line":2,"column":null}},"loc":{"start":{"line":2,"column":2},"end":{"line":4,"column":3}}}},"branchMap":{},"s":{"0":2,"1":1},"f":{"0":2},"b":{}}
,"C:\\Users\\Facundo\\Documents\\Facundo\\Dev\\PersonalProjects\\nodejs-hexagonal-backend-template\\src\\app\\exceptions\\user-not-found.ts": {"path":"C:\\Users\\Facundo\\Documents\\Facundo\\Dev\\PersonalProjects\\nodejs-hexagonal-backend-template\\src\\app\\exceptions\\user-not-found.ts","statementMap":{"0":{"start":{"line":3,"column":4},"end":{"line":3,"column":36}},"1":{"start":{"line":1,"column":0},"end":{"line":1,"column":13}}},"fnMap":{"0":{"name":"(anonymous_0)","decl":{"start":{"line":2,"column":2},"end":{"line":2,"column":14}},"loc":{"start":{"line":2,"column":24},"end":{"line":4,"column":3}}}},"branchMap":{},"s":{"0":2,"1":1},"f":{"0":2},"b":{}}
,"C:\\Users\\Facundo\\Documents\\Facundo\\Dev\\PersonalProjects\\nodejs-hexagonal-backend-template\\src\\app\\use-cases\\create-user\\create-user-input.ts": {"path":"C:\\Users\\Facundo\\Documents\\Facundo\\Dev\\PersonalProjects\\nodejs-hexagonal-backend-template\\src\\app\\use-cases\\create-user\\create-user-input.ts","statementMap":{"0":{"start":{"line":2,"column":21},"end":{"line":2,"column":37}},"1":{"start":{"line":2,"column":46},"end":{"line":2,"column":62}},"2":{"start":{"line":1,"column":0},"end":{"line":1,"column":13}}},"fnMap":{"0":{"name":"(anonymous_0)","decl":{"start":{"line":2,"column":2},"end":{"line":2,"column":21}},"loc":{"start":{"line":2,"column":62},"end":{"line":2,"column":66}}}},"branchMap":{},"s":{"0":2,"1":2,"2":1},"f":{"0":2},"b":{}}
,"C:\\Users\\Facundo\\Documents\\Facundo\\Dev\\PersonalProjects\\nodejs-hexagonal-backend-template\\src\\app\\use-cases\\create-user\\create-user.ts": {"path":"C:\\Users\\Facundo\\Documents\\Facundo\\Dev\\PersonalProjects\\nodejs-hexagonal-backend-template\\src\\app\\use-cases\\create-user\\create-user.ts","statementMap":{"0":{"start":{"line":1,"column":0},"end":{"line":1,"column":66}},"1":{"start":{"line":10,"column":22},"end":{"line":10,"column":52}},"2":{"start":{"line":13,"column":17},"end":{"line":13,"column":79}},"3":{"start":{"line":14,"column":4},"end":{"line":16,"column":5}},"4":{"start":{"line":15,"column":6},"end":{"line":15,"column":33}},"5":{"start":{"line":17,"column":4},"end":{"line":17,"column":16}},"6":{"start":{"line":7,"column":0},"end":{"line":7,"column":13}}},"fnMap":{"0":{"name":"(anonymous_0)","decl":{"start":{"line":10,"column":2},"end":{"line":10,"column":22}},"loc":{"start":{"line":10,"column":52},"end":{"line":10,"column":56}}},"1":{"name":"(anonymous_1)","decl":{"start":{"line":12,"column":2},"end":{"line":12,"column":7}},"loc":{"start":{"line":12,"column":45},"end":{"line":18,"column":3}}}},"branchMap":{"0":{"loc":{"start":{"line":14,"column":4},"end":{"line":16,"column":5}},"type":"if","locations":[{"start":{"line":14,"column":4},"end":{"line":16,"column":5}}]}},"s":{"0":1,"1":1,"2":2,"3":2,"4":1,"5":1,"6":1},"f":{"0":1,"1":2},"b":{"0":[1]}}
,"C:\\Users\\Facundo\\Documents\\Facundo\\Dev\\PersonalProjects\\nodejs-hexagonal-backend-template\\src\\app\\use-cases\\get-user\\get-user-input.ts": {"path":"C:\\Users\\Facundo\\Documents\\Facundo\\Dev\\PersonalProjects\\nodejs-hexagonal-backend-template\\src\\app\\use-cases\\get-user\\get-user-input.ts","statementMap":{"0":{"start":{"line":2,"column":21},"end":{"line":2,"column":31}},"1":{"start":{"line":1,"column":0},"end":{"line":1,"column":13}}},"fnMap":{"0":{"name":"(anonymous_0)","decl":{"start":{"line":2,"column":2},"end":{"line":2,"column":21}},"loc":{"start":{"line":2,"column":31},"end":{"line":2,"column":35}}}},"branchMap":{},"s":{"0":2,"1":1},"f":{"0":2},"b":{}}
,"C:\\Users\\Facundo\\Documents\\Facundo\\Dev\\PersonalProjects\\nodejs-hexagonal-backend-template\\src\\app\\use-cases\\get-user\\get-user.ts": {"path":"C:\\Users\\Facundo\\Documents\\Facundo\\Dev\\PersonalProjects\\nodejs-hexagonal-backend-template\\src\\app\\use-cases\\get-user\\get-user.ts","statementMap":{"0":{"start":{"line":1,"column":0},"end":{"line":1,"column":62}},"1":{"start":{"line":8,"column":22},"end":{"line":8,"column":52}},"2":{"start":{"line":11,"column":17},"end":{"line":11,"column":61}},"3":{"start":{"line":12,"column":4},"end":{"line":14,"column":5}},"4":{"start":{"line":13,"column":6},"end":{"line":13,"column":39}},"5":{"start":{"line":15,"column":4},"end":{"line":15,"column":16}},"6":{"start":{"line":7,"column":0},"end":{"line":7,"column":13}}},"fnMap":{"0":{"name":"(anonymous_0)","decl":{"start":{"line":8,"column":2},"end":{"line":8,"column":22}},"loc":{"start":{"line":8,"column":52},"end":{"line":8,"column":56}}},"1":{"name":"(anonymous_1)","decl":{"start":{"line":10,"column":2},"end":{"line":10,"column":7}},"loc":{"start":{"line":10,"column":42},"end":{"line":16,"column":3}}}},"branchMap":{"0":{"loc":{"start":{"line":12,"column":4},"end":{"line":14,"column":5}},"type":"if","locations":[{"start":{"line":12,"column":4},"end":{"line":14,"column":5}}]}},"s":{"0":1,"1":1,"2":2,"3":2,"4":1,"5":1,"6":1},"f":{"0":1,"1":2},"b":{"0":[1]}}
,"C:\\Users\\Facundo\\Documents\\Facundo\\Dev\\PersonalProjects\\nodejs-hexagonal-backend-template\\src\\domain\\user.ts": {"path":"C:\\Users\\Facundo\\Documents\\Facundo\\Dev\\PersonalProjects\\nodejs-hexagonal-backend-template\\src\\domain\\user.ts","statementMap":{"0":{"start":{"line":1,"column":0},"end":{"line":1,"column":36}},"1":{"start":{"line":5,"column":21},"end":{"line":5,"column":37}},"2":{"start":{"line":5,"column":46},"end":{"line":5,"column":62}},"3":{"start":{"line":6,"column":4},"end":{"line":10,"column":5}},"4":{"start":{"line":7,"column":6},"end":{"line":7,"column":29}},"5":{"start":{"line":9,"column":6},"end":{"line":9,"column":19}},"6":{"start":{"line":3,"column":0},"end":{"line":3,"column":13}}},"fnMap":{"0":{"name":"(anonymous_0)","decl":{"start":{"line":5,"column":2},"end":{"line":5,"column":21}},"loc":{"start":{"line":5,"column":75},"end":{"line":11,"column":3}}}},"branchMap":{"0":{"loc":{"start":{"line":6,"column":4},"end":{"line":10,"column":5}},"type":"if","locations":[{"start":{"line":6,"column":4},"end":{"line":10,"column":5}},{"start":{"line":8,"column":11},"end":{"line":10,"column":5}}]}},"s":{"0":2,"1":4,"2":4,"3":4,"4":0,"5":4,"6":2},"f":{"0":4},"b":{"0":[0,4]}}
,"C:\\Users\\Facundo\\Documents\\Facundo\\Dev\\PersonalProjects\\nodejs-hexagonal-backend-template\\test\\app\\use-cases\\create-user\\create-user-input.ts": {"path":"C:\\Users\\Facundo\\Documents\\Facundo\\Dev\\PersonalProjects\\nodejs-hexagonal-backend-template\\test\\app\\use-cases\\create-user\\create-user-input.ts","statementMap":{"0":{"start":{"line":1,"column":0},"end":{"line":1,"column":86}},"1":{"start":{"line":2,"column":0},"end":{"line":2,"column":57}},"2":{"start":{"line":12,"column":4},"end":{"line":12,"column":58}},"3":{"start":{"line":4,"column":0},"end":{"line":4,"column":13}}},"fnMap":{"0":{"name":"(anonymous_0)","decl":{"start":{"line":5,"column":2},"end":{"line":5,"column":8}},"loc":{"start":{"line":11,"column":8},"end":{"line":13,"column":3}}}},"branchMap":{"0":{"loc":{"start":{"line":5,"column":13},"end":{"line":11,"column":8}},"type":"default-arg","locations":[{"start":{"line":11,"column":6},"end":{"line":11,"column":8}}]},"1":{"loc":{"start":{"line":6,"column":4},"end":{"line":6,"column":39}},"type":"default-arg","locations":[{"start":{"line":6,"column":15},"end":{"line":6,"column":39}}]},"2":{"loc":{"start":{"line":7,"column":4},"end":{"line":7,"column":39}},"type":"default-arg","locations":[{"start":{"line":7,"column":15},"end":{"line":7,"column":39}}]}},"s":{"0":1,"1":1,"2":2,"3":1},"f":{"0":2},"b":{"0":[2],"1":[2],"2":[2]}}
,"C:\\Users\\Facundo\\Documents\\Facundo\\Dev\\PersonalProjects\\nodejs-hexagonal-backend-template\\test\\app\\use-cases\\get-user\\get-user-input-mother.ts": {"path":"C:\\Users\\Facundo\\Documents\\Facundo\\Dev\\PersonalProjects\\nodejs-hexagonal-backend-template\\test\\app\\use-cases\\get-user\\get-user-input-mother.ts","statementMap":{"0":{"start":{"line":1,"column":0},"end":{"line":1,"column":77}},"1":{"start":{"line":2,"column":0},"end":{"line":2,"column":57}},"2":{"start":{"line":10,"column":4},"end":{"line":10,"column":39}},"3":{"start":{"line":4,"column":0},"end":{"line":4,"column":13}}},"fnMap":{"0":{"name":"(anonymous_0)","decl":{"start":{"line":5,"column":2},"end":{"line":5,"column":8}},"loc":{"start":{"line":9,"column":8},"end":{"line":11,"column":3}}}},"branchMap":{"0":{"loc":{"start":{"line":5,"column":13},"end":{"line":9,"column":8}},"type":"default-arg","locations":[{"start":{"line":9,"column":6},"end":{"line":9,"column":8}}]},"1":{"loc":{"start":{"line":6,"column":4},"end":{"line":6,"column":32}},"type":"default-arg","locations":[{"start":{"line":6,"column":9},"end":{"line":6,"column":32}}]}},"s":{"0":1,"1":1,"2":2,"3":1},"f":{"0":2},"b":{"0":[1],"1":[1]}}
,"C:\\Users\\Facundo\\Documents\\Facundo\\Dev\\PersonalProjects\\nodejs-hexagonal-backend-template\\test\\mothers\\constants.ts": {"path":"C:\\Users\\Facundo\\Documents\\Facundo\\Dev\\PersonalProjects\\nodejs-hexagonal-backend-template\\test\\mothers\\constants.ts","statementMap":{"0":{"start":{"line":2,"column":28},"end":{"line":2,"column":34}},"1":{"start":{"line":3,"column":29},"end":{"line":3,"column":46}},"2":{"start":{"line":4,"column":29},"end":{"line":4,"column":40}},"3":{"start":{"line":1,"column":0},"end":{"line":1,"column":13}}},"fnMap":{},"branchMap":{},"s":{"0":2,"1":2,"2":2,"3":2},"f":{},"b":{}}
,"C:\\Users\\Facundo\\Documents\\Facundo\\Dev\\PersonalProjects\\nodejs-hexagonal-backend-template\\test\\mothers\\user.ts": {"path":"C:\\Users\\Facundo\\Documents\\Facundo\\Dev\\PersonalProjects\\nodejs-hexagonal-backend-template\\test\\mothers\\user.ts","statementMap":{"0":{"start":{"line":1,"column":0},"end":{"line":1,"column":36}},"1":{"start":{"line":2,"column":0},"end":{"line":2,"column":46}},"2":{"start":{"line":14,"column":4},"end":{"line":14,"column":44}},"3":{"start":{"line":4,"column":0},"end":{"line":4,"column":13}}},"fnMap":{"0":{"name":"(anonymous_0)","decl":{"start":{"line":5,"column":2},"end":{"line":5,"column":8}},"loc":{"start":{"line":13,"column":8},"end":{"line":15,"column":3}}}},"branchMap":{"0":{"loc":{"start":{"line":5,"column":13},"end":{"line":13,"column":8}},"type":"default-arg","locations":[{"start":{"line":13,"column":6},"end":{"line":13,"column":8}}]},"1":{"loc":{"start":{"line":6,"column":4},"end":{"line":6,"column":39}},"type":"default-arg","locations":[{"start":{"line":6,"column":15},"end":{"line":6,"column":39}}]},"2":{"loc":{"start":{"line":7,"column":4},"end":{"line":7,"column":39}},"type":"default-arg","locations":[{"start":{"line":7,"column":15},"end":{"line":7,"column":39}}]},"3":{"loc":{"start":{"line":8,"column":4},"end":{"line":8,"column":32}},"type":"default-arg","locations":[{"start":{"line":8,"column":9},"end":{"line":8,"column":32}}]}},"s":{"0":2,"1":2,"2":4,"3":2},"f":{"0":4},"b":{"0":[4],"1":[4],"2":[4],"3":[4]}}
}
