TN:
SF:src\bootstrap.ts
FN:6,bootstrap
FNF:1
FNH:1
FNDA:2,bootstrap
DA:1,2
DA:2,2
DA:3,2
DA:4,2
DA:6,2
DA:7,2
DA:9,2
DA:12,2
DA:13,2
DA:14,2
DA:17,2
DA:19,2
LF:12
LH:12
BRF:0
BRH:0
end_of_record
TN:
SF:src\router.ts
FN:9,getRouter
FNF:1
FNH:1
FNDA:2,getRouter
DA:1,2
DA:2,2
DA:3,2
DA:4,2
DA:5,2
DA:6,2
DA:9,2
DA:11,2
DA:14,2
DA:15,2
DA:18,2
DA:19,2
DA:21,2
LF:13
LH:13
BRF:0
BRH:0
end_of_record
TN:
SF:src\app\exceptions\user-cant-create.ts
FN:2,(anonymous_0)
FNF:1
FNH:1
FNDA:3,(anonymous_0)
DA:1,3
DA:3,3
LF:2
LH:2
BRF:0
BRH:0
end_of_record
TN:
SF:src\app\exceptions\user-not-found.ts
FN:2,(anonymous_0)
FNF:1
FNH:1
FNDA:3,(anonymous_0)
DA:1,3
DA:3,3
LF:2
LH:2
BRF:0
BRH:0
end_of_record
TN:
SF:src\app\schemas\create-user.ts
FNF:0
FNH:0
DA:1,2
DA:3,2
LF:2
LH:2
BRF:0
BRH:0
end_of_record
TN:
SF:src\app\schemas\get-user.ts
FNF:0
FNH:0
DA:1,2
DA:3,2
LF:2
LH:2
BRF:0
BRH:0
end_of_record
TN:
SF:src\app\use-cases\create-user\create-user-input.ts
FN:2,(anonymous_0)
FNF:1
FNH:1
FNDA:6,(anonymous_0)
DA:1,3
DA:2,6
LF:2
LH:2
BRF:0
BRH:0
end_of_record
TN:
SF:src\app\use-cases\create-user\create-user.ts
FN:10,(anonymous_0)
FN:12,(anonymous_1)
FNF:2
FNH:2
FNDA:3,(anonymous_0)
FNDA:4,(anonymous_1)
DA:1,3
DA:7,3
DA:10,3
DA:13,4
DA:14,4
DA:15,2
DA:17,2
LF:7
LH:7
BRDA:14,0,0,2
BRF:1
BRH:1
end_of_record
TN:
SF:src\app\use-cases\get-user\get-user-input.ts
FN:2,(anonymous_0)
FNF:1
FNH:1
FNDA:4,(anonymous_0)
DA:1,3
DA:2,4
LF:2
LH:2
BRF:0
BRH:0
end_of_record
TN:
SF:src\app\use-cases\get-user\get-user.ts
FN:8,(anonymous_0)
FN:10,(anonymous_1)
FNF:2
FNH:2
FNDA:3,(anonymous_0)
FNDA:4,(anonymous_1)
DA:1,3
DA:7,3
DA:8,3
DA:11,4
DA:12,4
DA:13,2
DA:15,2
LF:7
LH:7
BRDA:12,0,0,2
BRF:1
BRH:1
end_of_record
TN:
SF:src\domain\user.ts
FN:5,(anonymous_0)
FNF:1
FNH:1
FNDA:6,(anonymous_0)
DA:1,4
DA:3,4
DA:5,6
DA:6,6
DA:7,0
DA:9,6
LF:6
LH:5
BRDA:6,0,0,0
BRDA:6,0,1,6
BRF:2
BRH:1
end_of_record
TN:
SF:src\infrastructure\controllers\create-user.ts
FN:9,(anonymous_0)
FN:10,(anonymous_1)
FNF:2
FNH:2
FNDA:2,(anonymous_0)
FNDA:2,(anonymous_1)
DA:1,2
DA:3,2
DA:5,2
DA:8,2
DA:9,2
DA:15,2
DA:16,2
DA:17,2
DA:18,2
DA:19,1
DA:21,1
DA:22,1
DA:23,1
DA:25,0
LF:14
LH:13
BRDA:21,0,0,1
BRF:1
BRH:1
end_of_record
TN:
SF:src\infrastructure\controllers\get-user.ts
FN:9,(anonymous_0)
FN:11,(anonymous_1)
FNF:2
FNH:2
FNDA:2,(anonymous_0)
FNDA:2,(anonymous_1)
DA:1,2
DA:3,2
DA:5,2
DA:8,2
DA:9,2
DA:16,2
DA:17,2
DA:18,2
DA:19,2
DA:20,1
DA:22,1
DA:23,1
DA:24,1
DA:26,0
LF:14
LH:13
BRDA:22,0,0,1
BRF:1
BRH:1
end_of_record
TN:
SF:src\infrastructure\repositories\user-local-repository.ts
FN:9,(anonymous_0)
FN:20,(anonymous_1)
FNF:2
FNH:2
FNDA:2,(anonymous_0)
FNDA:2,(anonymous_1)
DA:2,2
DA:4,2
DA:5,2
DA:6,2
DA:7,2
DA:10,2
DA:11,1
DA:17,1
DA:21,2
DA:22,1
DA:24,1
LF:11
LH:11
BRDA:10,0,0,1
BRDA:21,1,0,1
BRF:2
BRH:2
end_of_record
TN:
SF:src\infrastructure\routes\user.ts
FN:7,(anonymous_0)
FN:11,(anonymous_1)
FN:15,(anonymous_2)
FNF:3
FNH:3
FNDA:2,(anonymous_0)
FNDA:2,(anonymous_1)
FNDA:2,(anonymous_2)
DA:2,2
DA:4,2
DA:5,2
DA:8,2
DA:9,2
DA:11,2
DA:12,2
DA:15,2
DA:16,2
LF:9
LH:9
BRF:0
BRH:0
end_of_record
TN:
SF:test\app\use-cases\create-user\create-user-input.ts
FN:5,(anonymous_0)
FNF:1
FNH:1
FNDA:3,(anonymous_0)
DA:1,2
DA:2,2
DA:4,2
DA:12,3
LF:4
LH:4
BRDA:5,0,0,3
BRDA:6,1,0,3
BRDA:7,2,0,3
BRF:3
BRH:3
end_of_record
TN:
SF:test\app\use-cases\get-user\get-user-input-mother.ts
FN:5,(anonymous_0)
FNF:1
FNH:1
FNDA:2,(anonymous_0)
DA:1,1
DA:2,1
DA:4,1
DA:10,2
LF:4
LH:4
BRDA:5,0,0,1
BRDA:6,1,0,1
BRF:2
BRH:2
end_of_record
TN:
SF:test\mothers\constants.ts
FNF:0
FNH:0
DA:1,3
DA:2,3
DA:3,3
DA:4,3
LF:4
LH:4
BRF:0
BRH:0
end_of_record
TN:
SF:test\mothers\user.ts
FN:5,(anonymous_0)
FNF:1
FNH:1
FNDA:4,(anonymous_0)
DA:1,2
DA:2,2
DA:4,2
DA:14,4
LF:4
LH:4
BRDA:5,0,0,4
BRDA:6,1,0,4
BRDA:7,2,0,4
BRDA:8,3,0,4
BRF:4
BRH:4
end_of_record
