TN:
SF:src\app\exceptions\user-cant-create.ts
FN:2,(anonymous_0)
FNF:1
FNH:1
FNDA:2,(anonymous_0)
DA:1,1
DA:3,2
LF:2
LH:2
BRF:0
BRH:0
end_of_record
TN:
SF:src\app\exceptions\user-not-found.ts
FN:2,(anonymous_0)
FNF:1
FNH:1
FNDA:2,(anonymous_0)
DA:1,1
DA:3,2
LF:2
LH:2
BRF:0
BRH:0
end_of_record
TN:
SF:src\app\use-cases\create-user\create-user-input.ts
FN:2,(anonymous_0)
FNF:1
FNH:1
FNDA:2,(anonymous_0)
DA:1,1
DA:2,2
LF:2
LH:2
BRF:0
BRH:0
end_of_record
TN:
SF:src\app\use-cases\create-user\create-user.ts
FN:10,(anonymous_0)
FN:12,(anonymous_1)
FNF:2
FNH:2
FNDA:1,(anonymous_0)
FNDA:2,(anonymous_1)
DA:1,1
DA:7,1
DA:10,1
DA:13,2
DA:14,2
DA:15,1
DA:17,1
LF:7
LH:7
BRDA:14,0,0,1
BRF:1
BRH:1
end_of_record
TN:
SF:src\app\use-cases\get-user\get-user-input.ts
FN:2,(anonymous_0)
FNF:1
FNH:1
FNDA:2,(anonymous_0)
DA:1,1
DA:2,2
LF:2
LH:2
BRF:0
BRH:0
end_of_record
TN:
SF:src\app\use-cases\get-user\get-user.ts
FN:8,(anonymous_0)
FN:10,(anonymous_1)
FNF:2
FNH:2
FNDA:1,(anonymous_0)
FNDA:2,(anonymous_1)
DA:1,1
DA:7,1
DA:8,1
DA:11,2
DA:12,2
DA:13,1
DA:15,1
LF:7
LH:7
BRDA:12,0,0,1
BRF:1
BRH:1
end_of_record
TN:
SF:src\domain\user.ts
FN:5,(anonymous_0)
FNF:1
FNH:1
FNDA:4,(anonymous_0)
DA:1,2
DA:3,2
DA:5,4
DA:6,4
DA:7,0
DA:9,4
LF:6
LH:5
BRDA:6,0,0,0
BRDA:6,0,1,4
BRF:2
BRH:1
end_of_record
TN:
SF:test\app\use-cases\create-user\create-user-input.ts
FN:5,(anonymous_0)
FNF:1
FNH:1
FNDA:2,(anonymous_0)
DA:1,1
DA:2,1
DA:4,1
DA:12,2
LF:4
LH:4
BRDA:5,0,0,2
BRDA:6,1,0,2
BRDA:7,2,0,2
BRF:3
BRH:3
end_of_record
TN:
SF:test\app\use-cases\get-user\get-user-input-mother.ts
FN:5,(anonymous_0)
FNF:1
FNH:1
FNDA:2,(anonymous_0)
DA:1,1
DA:2,1
DA:4,1
DA:10,2
LF:4
LH:4
BRDA:5,0,0,1
BRDA:6,1,0,1
BRF:2
BRH:2
end_of_record
TN:
SF:test\mothers\constants.ts
FNF:0
FNH:0
DA:1,2
DA:2,2
DA:3,2
DA:4,2
LF:4
LH:4
BRF:0
BRH:0
end_of_record
TN:
SF:test\mothers\user.ts
FN:5,(anonymous_0)
FNF:1
FNH:1
FNDA:4,(anonymous_0)
DA:1,2
DA:2,2
DA:4,2
DA:14,4
LF:4
LH:4
BRDA:5,0,0,4
BRDA:6,1,0,4
BRDA:7,2,0,4
BRDA:8,3,0,4
BRF:4
BRH:4
end_of_record
